<?xml version="1.0" encoding="UTF-8"?>
<!-- Generated by org.testng.reporters.JUnitReportReporter -->
<testsuite hostname="LAPTOP-AEHNAUM1" failures="0" tests="2" name="TestNg.NewTest1" time="0.006" errors="0" timestamp="2023-04-15T10:39:18 IST" skipped="0">
  <testcase classname="TestNg.NewTest1" name="userReg" time="0.005"/>
  <system-out/>
  <testcase classname="TestNg.NewTest1" name="userLogin" time="0.001"/>
  <system-out/>
</testsuite> <!-- TestNg.NewTest1 -->
