<?xml version="1.0" encoding="UTF-8"?>
<!-- Generated by org.testng.reporters.JUnitReportReporter -->
<testsuite hostname="LAPTOP-AEHNAUM1" failures="0" tests="3" name="TestNg.NewTest2" time="0.008" errors="0" timestamp="2023-04-15T10:54:12 IST" skipped="0">
  <testcase classname="TestNg.NewTest2" name="StringConcat" time="0.000"/>
  <system-out/>
  <testcase classname="TestNg.NewTest2" name="StringConcat" time="0.008"/>
  <system-out/>
  <testcase classname="TestNg.NewTest2" name="StringConcat" time="0.000"/>
  <system-out/>
</testsuite> <!-- TestNg.NewTest2 -->
