<?xml version="1.0" encoding="UTF-8"?>
<!-- Generated by org.testng.reporters.JUnitReportReporter -->
<testsuite hostname="LAPTOP-AEHNAUM1" failures="0" tests="1" name="com.demopurpose.OHRMLoginTest" time="9.418" errors="0" timestamp="2023-12-14T13:54:04 IST" skipped="0">
  <testcase classname="com.demopurpose.OHRMLoginTest" name="loginTest" time="9.418"/>
  <system-out/>
</testsuite> <!-- com.demopurpose.OHRMLoginTest -->
