<?xml version="1.0" encoding="UTF-8"?>
<!-- Generated by org.testng.reporters.JUnitReportReporter -->
<testsuite hostname="LAPTOP-AEHNAUM1" failures="0" tests="2" name="TestNg.NewTest" time="0.007" errors="0" timestamp="2023-04-15T11:21:01 IST" skipped="0">
  <testcase classname="TestNg.NewTest" name="userReg1" time="0.005"/>
  <system-out/>
  <testcase classname="TestNg.NewTest" name="userLogin" time="0.002"/>
  <system-out/>
</testsuite> <!-- TestNg.NewTest -->
