<?xml version="1.0" encoding="UTF-8"?>
<!-- Generated by org.testng.reporters.JUnitReportReporter -->
<testsuite hostname="LAPTOP-AEHNAUM1" failures="0" tests="1" name="PomTests.pomEbayProdCatSearch" time="9.007" errors="0" timestamp="2023-02-03T12:46:49 IST" skipped="0">
  <testcase classname="PomTests.pomEbayProdCatSearch" name="pomEbayProdCatSearchTest" time="9.007"/>
  <system-out>
    <![CDATA[Ebay Product Search in a category Test is Successful..]]>
  </system-out>
</testsuite> <!-- PomTests.pomEbayProdCatSearch -->
