<?xml version="1.0" encoding="UTF-8"?>
<!-- Generated by org.testng.reporters.JUnitReportReporter -->
<testsuite hostname="LAPTOP-AEHNAUM1" failures="0" tests="1" name="TestNg.NewTest4" time="0.001" errors="0" timestamp="2023-04-15T11:34:10 IST" skipped="0">
  <testcase classname="TestNg.NewTest4" name="userLogin" time="0.001"/>
  <system-out/>
</testsuite> <!-- TestNg.NewTest4 -->
